[debug] [2022-12-09T20:49:00.752Z] ----------------------------------------------------------------------
[debug] [2022-12-09T20:49:00.756Z] Command:       C:\Program Files\nodejs\node.exe C:\Users\10802612\Documents\GitHub\Tylerchristensen100.github.io\portfolio\public\projects\attendance_system\node_modules\firebase-tools\lib\bin\firebase.js deploy
[debug] [2022-12-09T20:49:00.757Z] CLI Version:   11.17.0
[debug] [2022-12-09T20:49:00.757Z] Platform:      win32
[debug] [2022-12-09T20:49:00.757Z] Node Version:  v16.14.2
[debug] [2022-12-09T20:49:00.760Z] Time:          Fri Dec 09 2022 13:49:00 GMT-0700 (Mountain Standard Time)
[debug] [2022-12-09T20:49:00.761Z] ----------------------------------------------------------------------
[debug] 
[debug] [2022-12-09T20:49:00.788Z] >>> [apiv2][query] GET https://firebase-public.firebaseio.com/cli.json [none]
[debug] [2022-12-09T20:49:01.184Z] > command requires scopes: ["email","openid","https://www.googleapis.com/auth/cloudplatformprojects.readonly","https://www.googleapis.com/auth/firebase","https://www.googleapis.com/auth/cloud-platform"]
[debug] [2022-12-09T20:49:01.187Z] > authorizing via signed-in user (tylerchristensen100@gmail.com)
[debug] [2022-12-09T20:49:01.188Z] [iam] checking project attendance-2813f for permissions ["firebase.projects.get","firebasehosting.sites.update"]
[debug] [2022-12-09T20:49:01.193Z] > refreshing access token with scopes: []
[debug] [2022-12-09T20:49:01.197Z] >>> [apiv2][query] POST https://www.googleapis.com/oauth2/v3/token [none]
[debug] [2022-12-09T20:49:01.197Z] >>> [apiv2][body] POST https://www.googleapis.com/oauth2/v3/token [omitted]
[debug] [2022-12-09T20:49:01.382Z] <<< [apiv2][status] GET https://firebase-public.firebaseio.com/cli.json 200
[debug] [2022-12-09T20:49:01.383Z] <<< [apiv2][body] GET https://firebase-public.firebaseio.com/cli.json {"cloudBuildErrorAfter":1594252800000,"cloudBuildWarnAfter":1590019200000,"defaultNode10After":1594252800000,"minVersion":"3.0.5","node8DeploysDisabledAfter":1613390400000,"node8RuntimeDisabledAfter":1615809600000,"node8WarnAfter":1600128000000}
[debug] [2022-12-09T20:49:01.438Z] <<< [apiv2][status] POST https://www.googleapis.com/oauth2/v3/token 400
[debug] [2022-12-09T20:49:01.439Z] <<< [apiv2][body] POST https://www.googleapis.com/oauth2/v3/token [omitted]
[debug] [2022-12-09T20:49:01.440Z] >>> [apiv2][query] POST https://cloudresourcemanager.googleapis.com/v1/projects/attendance-2813f:testIamPermissions [none]
[debug] [2022-12-09T20:49:01.440Z] >>> [apiv2][(partial)header] POST https://cloudresourcemanager.googleapis.com/v1/projects/attendance-2813f:testIamPermissions x-goog-quota-user=projects/attendance-2813f
[debug] [2022-12-09T20:49:01.440Z] >>> [apiv2][body] POST https://cloudresourcemanager.googleapis.com/v1/projects/attendance-2813f:testIamPermissions {"permissions":["firebase.projects.get","firebasehosting.sites.update"]}
[debug] [2022-12-09T20:49:01.700Z] <<< [apiv2][status] POST https://cloudresourcemanager.googleapis.com/v1/projects/attendance-2813f:testIamPermissions 401
[debug] [2022-12-09T20:49:01.701Z] <<< [apiv2][body] POST https://cloudresourcemanager.googleapis.com/v1/projects/attendance-2813f:testIamPermissions {"error":{"code":401,"message":"Request had invalid authentication credentials. Expected OAuth 2 access token, login cookie or other valid authentication credential. See https://developers.google.com/identity/sign-in/web/devconsole-project.","status":"UNAUTHENTICATED","details":[{"@type":"type.googleapis.com/google.rpc.ErrorInfo","reason":"ACCESS_TOKEN_TYPE_UNSUPPORTED","metadata":{"method":"google.cloudresourcemanager.v1.Projects.TestIamPermissions","service":"cloudresourcemanager.googleapis.com"}}]}}
[debug] [2022-12-09T20:49:01.702Z] [iam] error while checking permissions, command may fail: FirebaseError: HTTP Error: 401, Request had invalid authentication credentials. Expected OAuth 2 access token, login cookie or other valid authentication credential. See https://developers.google.com/identity/sign-in/web/devconsole-project.
[debug] [2022-12-09T20:49:01.703Z] > refreshing access token with scopes: []
[debug] [2022-12-09T20:49:01.704Z] >>> [apiv2][query] POST https://www.googleapis.com/oauth2/v3/token [none]
[debug] [2022-12-09T20:49:01.705Z] >>> [apiv2][body] POST https://www.googleapis.com/oauth2/v3/token [omitted]
[debug] [2022-12-09T20:49:01.848Z] <<< [apiv2][status] POST https://www.googleapis.com/oauth2/v3/token 400
[debug] [2022-12-09T20:49:01.848Z] <<< [apiv2][body] POST https://www.googleapis.com/oauth2/v3/token [omitted]
[debug] [2022-12-09T20:49:01.849Z] >>> [apiv2][query] GET https://firebase.googleapis.com/v1beta1/projects/attendance-2813f [none]
[debug] [2022-12-09T20:49:01.988Z] <<< [apiv2][status] GET https://firebase.googleapis.com/v1beta1/projects/attendance-2813f 401
[debug] [2022-12-09T20:49:01.988Z] <<< [apiv2][body] GET https://firebase.googleapis.com/v1beta1/projects/attendance-2813f {"error":{"code":401,"message":"Request had invalid authentication credentials. Expected OAuth 2 access token, login cookie or other valid authentication credential. See https://developers.google.com/identity/sign-in/web/devconsole-project.","status":"UNAUTHENTICATED"}}
[debug] [2022-12-09T20:49:01.989Z] HTTP Error: 401, Request had invalid authentication credentials. Expected OAuth 2 access token, login cookie or other valid authentication credential. See https://developers.google.com/identity/sign-in/web/devconsole-project.
[debug] [2022-12-09T20:49:02.118Z] FirebaseError: HTTP Error: 401, Request had invalid authentication credentials. Expected OAuth 2 access token, login cookie or other valid authentication credential. See https://developers.google.com/identity/sign-in/web/devconsole-project.
    at responseToError (C:\Users\10802612\Documents\GitHub\Tylerchristensen100.github.io\portfolio\public\projects\attendance_system\node_modules\firebase-tools\lib\responseToError.js:49:12)
    at RetryOperation._fn (C:\Users\10802612\Documents\GitHub\Tylerchristensen100.github.io\portfolio\public\projects\attendance_system\node_modules\firebase-tools\lib\apiv2.js:288:77)
    at processTicksAndRejections (node:internal/process/task_queues:96:5)
[error] 
[error] Error: Failed to get Firebase project attendance-2813f. Please make sure the project exists and your account has permission to access it.
